<?xml version="1.0" encoding="UTF-8"?>
<testng-results skipped="0" failed="0" ignored="0" total="1" passed="1">
  <reporter-output>
  </reporter-output>
  <suite name="Default suite" duration-ms="14014" started-at="2024-03-27T08:41:15 IST" finished-at="2024-03-27T08:41:29 IST">
    <groups>
    </groups>
    <test name="Default test" duration-ms="14014" started-at="2024-03-27T08:41:15 IST" finished-at="2024-03-27T08:41:29 IST">
      <class name="tests.RegisterTests">
        <test-method status="PASS" signature="setup()[pri:0, instance:tests.RegisterTests@3ecd23d9]" name="setup" is-config="true" duration-ms="11702" started-at="2024-03-27T08:41:15 IST" finished-at="2024-03-27T08:41:26 IST">
          <reporter-output>
          </reporter-output>
        </test-method> <!-- setup -->
        <test-method status="PASS" signature="registerTest()[pri:0, instance:tests.RegisterTests@3ecd23d9]" name="registerTest" duration-ms="2115" started-at="2024-03-27T08:41:26 IST" finished-at="2024-03-27T08:41:29 IST">
          <reporter-output>
          </reporter-output>
        </test-method> <!-- registerTest -->
        <test-method status="PASS" signature="tearDown()[pri:0, instance:tests.RegisterTests@3ecd23d9]" name="tearDown" is-config="true" duration-ms="0" started-at="2024-03-27T08:41:29 IST" finished-at="2024-03-27T08:41:29 IST">
          <reporter-output>
          </reporter-output>
        </test-method> <!-- tearDown -->
      </class> <!-- tests.RegisterTests -->
    </test> <!-- Default test -->
  </suite> <!-- Default suite -->
</testng-results>
